#
# There is insufficient memory for the Java Runtime Environment to continue.
# Native memory allocation (mmap) failed to map 266338304 bytes for G1 virtual space
# Possible reasons:
#   The system is out of physical RAM or swap space
#   The process is running with CompressedOops enabled, and the Java Heap may be blocking the growth of the native heap
# Possible solutions:
#   Reduce memory load on the system
#   Increase physical memory or swap space
#   Check if swap backing store is full
#   Decrease Java heap size (-Xmx/-Xms)
#   Decrease number of Java threads
#   Decrease Java thread stack sizes (-Xss)
#   Set larger code cache with -XX:ReservedCodeCacheSize=
#   JVM is running with Zero Based Compressed Oops mode in which the Java heap is
#     placed in the first 32GB address space. The Java Heap base address is the
#     maximum limit for the native heap growth. Please use -XX:HeapBaseMinAddress
#     to set the Java Heap base and to place the Java Heap above 32GB virtual address.
# This output file may be truncated or incomplete.
#
#  Out of Memory Error (os_windows.cpp:3532), pid=51844, tid=42216
#
# JRE version:  (17.0.2+8) (build )
# Java VM: Java HotSpot(TM) 64-Bit Server VM (17.0.2+8-LTS-86, mixed mode, sharing, tiered, compressed oops, compressed class ptrs, g1 gc, windows-amd64)
# No core dump will be written. Minidumps are not enabled by default on client versions of Windows
#

---------------  S U M M A R Y ------------

Command Line: -Dfile.encoding=MS949 -XX:+ShowCodeDetailsInExceptionMessages Main

Host: Intel(R) Core(TM) i7-8565U CPU @ 1.80GHz, 8 cores, 15G,  Windows 11 , 64 bit Build 22000 (10.0.22000.1219)
Time: Tue Dec 13 20:18:31 2022  Windows 11 , 64 bit Build 22000 (10.0.22000.1219) elapsed time: 0.043173 seconds (0d 0h 0m 0s)

---------------  T H R E A D  ---------------

Current thread (0x0000022ae748d2b0):  JavaThread "Unknown thread" [_thread_in_vm, id=42216, stack(0x0000007e97500000,0x0000007e97600000)]

Stack: [0x0000007e97500000,0x0000007e97600000]
Native frames: (J=compiled Java code, j=interpreted, Vv=VM code, C=native code)
V  [jvm.dll+0x670baa]
V  [jvm.dll+0x7cfcb4]
V  [jvm.dll+0x7d145e]
V  [jvm.dll+0x7d1ac3]
V  [jvm.dll+0x242bc5]
V  [jvm.dll+0x66dac9]
V  [jvm.dll+0x662412]
V  [jvm.dll+0x300c0b]
V  [jvm.dll+0x3081a6]
V  [jvm.dll+0x357d0e]
V  [jvm.dll+0x357f3f]
V  [jvm.dll+0x2d7ec8]
V  [jvm.dll+0x2d8e34]
V  [jvm.dll+0x7a18c1]
V  [jvm.dll+0x365a91]
V  [jvm.dll+0x780d2c]
V  [jvm.dll+0x3e845f]
V  [jvm.dll+0x3e9f01]
C  [jli.dll+0x527b]
C  [ucrtbase.dll+0x26c0c]
C  [KERNEL32.DLL+0x15550]
C  [ntdll.dll+0x485b]


---------------  P R O C E S S  ---------------

Threads class SMR info:
_java_thread_list=0x00007ffe9f269858, length=0, elements={
}

Java Threads: ( => current thread )

Other Threads:
  0x0000022ae74dddf0 GCTaskThread "GC Thread#0" [stack: 0x0000007e97600000,0x0000007e97700000] [id=60176]
  0x0000022ae74ef300 ConcurrentGCThread "G1 Main Marker" [stack: 0x0000007e97700000,0x0000007e97800000] [id=59832]
  0x0000022ae74efd10 ConcurrentGCThread "G1 Conc#0" [stack: 0x0000007e97800000,0x0000007e97900000] [id=60008]

[error occurred during error reporting (printing all threads), id 0xc0000005, EXCEPTION_ACCESS_VIOLATION (0xc0000005) at pc=0x00007ffe9eab88a7]

VM state: not at safepoint (not fully initialized)

VM Mutex/Monitor currently owned by a thread:  ([mutex/lock_event])
[0x0000022ae74896a0] Heap_lock - owner thread: 0x0000022ae748d2b0

Heap address: 0x0000000703200000, size: 4046 MB, Compressed Oops mode: Zero based, Oop shift amount: 3

CDS archive(s) mapped at: [0x0000000000000000-0x0000000000000000-0x0000000000000000), size 0, SharedBaseAddress: 0x0000000800000000, ArchiveRelocationMode: 0.
Narrow klass base: 0x0000000000000000, Narrow klass shift: 0, Narrow klass range: 0x0

GC Precious Log:
<Empty>

Heap:
 garbage-first heap   total 0K, used 0K [0x0000000703200000, 0x0000000800000000)
  region size 2048K, 0 young (0K), 0 survivors (0K)

[error occurred during error reporting (printing heap information), id 0xc0000005, EXCEPTION_ACCESS_VIOLATION (0xc0000005) at pc=0x00007ffe9ee99f19]

GC Heap History (0 events):
No events

Deoptimization events (0 events):
No events

Classes unloaded (0 events):
No events

Classes redefined (0 events):
No events

Internal exceptions (0 events):
No events

VM Operations (0 events):
No events

Events (1 events):
Event: 0.028 Loaded shared library C:\Program Files\Java\jdk-17.0.2\bin\java.dll


Dynamic libraries:
0x00007ff61cc80000 - 0x00007ff61cc90000 	C:\Program Files\Java\jdk-17.0.2\bin\javaw.exe
0x00007fff32380000 - 0x00007fff32589000 	C:\WINDOWS\SYSTEM32\ntdll.dll
0x00007fff31800000 - 0x00007fff318be000 	C:\WINDOWS\System32\KERNEL32.DLL
0x00007fff2fde0000 - 0x00007fff3015b000 	C:\WINDOWS\System32\KERNELBASE.dll
0x00007fff2fba0000 - 0x00007fff2fcb1000 	C:\WINDOWS\System32\ucrtbase.dll
0x00007fff23de0000 - 0x00007fff23df8000 	C:\Program Files\Java\jdk-17.0.2\bin\jli.dll
0x00007fff23dc0000 - 0x00007fff23dda000 	C:\Program Files\Java\jdk-17.0.2\bin\VCRUNTIME140.dll
0x00007fff30a60000 - 0x00007fff30b0e000 	C:\WINDOWS\System32\ADVAPI32.dll
0x00007fff31ce0000 - 0x00007fff31d83000 	C:\WINDOWS\System32\msvcrt.dll
0x00007fff31280000 - 0x00007fff3131e000 	C:\WINDOWS\System32\sechost.dll
0x00007fff30b10000 - 0x00007fff30c30000 	C:\WINDOWS\System32\RPCRT4.dll
0x00007fff30ec0000 - 0x00007fff3106d000 	C:\WINDOWS\System32\USER32.dll
0x00007fff2fb70000 - 0x00007fff2fb96000 	C:\WINDOWS\System32\win32u.dll
0x00007fff318c0000 - 0x00007fff318e9000 	C:\WINDOWS\System32\GDI32.dll
0x00007fff2fcc0000 - 0x00007fff2fdd8000 	C:\WINDOWS\System32\gdi32full.dll
0x00007fff30160000 - 0x00007fff301fd000 	C:\WINDOWS\System32\msvcp_win.dll
0x00007fff1b110000 - 0x00007fff1b3b5000 	C:\WINDOWS\WinSxS\amd64_microsoft.windows.common-controls_6595b64144ccf1df_6.0.22000.120_none_9d947278b86cc467\COMCTL32.dll
0x00007fff2c970000 - 0x00007fff2c97a000 	C:\WINDOWS\SYSTEM32\VERSION.dll
0x00007fff31ca0000 - 0x00007fff31cd2000 	C:\WINDOWS\System32\IMM32.DLL
0x00007fff2a620000 - 0x00007fff2a62c000 	C:\Program Files\Java\jdk-17.0.2\bin\vcruntime140_1.dll
0x00007fff038d0000 - 0x00007fff0395d000 	C:\Program Files\Java\jdk-17.0.2\bin\msvcp140.dll
0x00007ffe9e7d0000 - 0x00007ffe9f391000 	C:\Program Files\Java\jdk-17.0.2\bin\server\jvm.dll
0x00007fff30c30000 - 0x00007fff30c38000 	C:\WINDOWS\System32\PSAPI.DLL
0x00007fff11990000 - 0x00007fff11999000 	C:\WINDOWS\SYSTEM32\WSOCK32.dll
0x00007fff318f0000 - 0x00007fff3195f000 	C:\WINDOWS\System32\WS2_32.dll
0x00007fff28fb0000 - 0x00007fff28fe3000 	C:\WINDOWS\SYSTEM32\WINMM.dll
0x00007fff2e8d0000 - 0x00007fff2e8e8000 	C:\WINDOWS\SYSTEM32\kernel.appcore.dll
0x00007fff2ca60000 - 0x00007fff2ca6a000 	C:\Program Files\Java\jdk-17.0.2\bin\jimage.dll
0x00007fff2d3d0000 - 0x00007fff2d5f1000 	C:\WINDOWS\SYSTEM32\DBGHELP.DLL
0x00007fff26190000 - 0x00007fff261c1000 	C:\WINDOWS\SYSTEM32\dbgcore.DLL
0x00007fff2f850000 - 0x00007fff2f8cf000 	C:\WINDOWS\System32\bcryptPrimitives.dll
0x00007fff24a30000 - 0x00007fff24a55000 	C:\Program Files\Java\jdk-17.0.2\bin\java.dll

dbghelp: loaded successfully - version: 4.0.5 - missing functions: none
symbol engine: initialized successfully - sym options: 0x614 - pdb path: .;C:\Program Files\Java\jdk-17.0.2\bin;C:\WINDOWS\SYSTEM32;C:\WINDOWS\WinSxS\amd64_microsoft.windows.common-controls_6595b64144ccf1df_6.0.22000.120_none_9d947278b86cc467;C:\Program Files\Java\jdk-17.0.2\bin\server

VM Arguments:
jvm_args: -Dfile.encoding=MS949 -XX:+ShowCodeDetailsInExceptionMessages 
java_command: Main
java_class_path (initial): C:\Users\1109m\eclipse-workspace\JustChat\bin
Launcher Type: SUN_STANDARD

[Global flags]
     intx CICompilerCount                          = 4                                         {product} {ergonomic}
     uint ConcGCThreads                            = 2                                         {product} {ergonomic}
     uint G1ConcRefinementThreads                  = 8                                         {product} {ergonomic}
   size_t G1HeapRegionSize                         = 2097152                                   {product} {ergonomic}
    uintx GCDrainStackTargetSize                   = 64                                        {product} {ergonomic}
   size_t InitialHeapSize                          = 266338304                                 {product} {ergonomic}
   size_t MarkStackSize                            = 4194304                                   {product} {ergonomic}
   size_t MaxHeapSize                              = 4242538496                                {product} {ergonomic}
   size_t MinHeapDeltaBytes                        = 2097152                                   {product} {ergonomic}
   size_t MinHeapSize                              = 8388608                                   {product} {ergonomic}
    uintx NonNMethodCodeHeapSize                   = 5839372                                {pd product} {ergonomic}
    uintx NonProfiledCodeHeapSize                  = 122909434                              {pd product} {ergonomic}
    uintx ProfiledCodeHeapSize                     = 122909434                              {pd product} {ergonomic}
    uintx ReservedCodeCacheSize                    = 251658240                              {pd product} {ergonomic}
     bool SegmentedCodeCache                       = true                                      {product} {ergonomic}
     bool ShowCodeDetailsInExceptionMessages       = true                                   {manageable} {command line}
   size_t SoftMaxHeapSize                          = 4242538496                             {manageable} {ergonomic}
     bool UseCompressedClassPointers               = true                           {product lp64_product} {ergonomic}
     bool UseCompressedOops                        = true                           {product lp64_product} {ergonomic}
     bool UseG1GC                                  = true                                      {product} {ergonomic}
     bool UseLargePagesIndividualAllocation        = false                                  {pd product} {ergonomic}

Logging:
Log output configuration:
 #0: stdout all=warning uptime,level,tags
 #1: stderr all=off uptime,level,tags

Environment Variables:
JAVA_HOME=C:\Program Files\Java\jdk-17.0.2
CLASSPATH=C:\Program Files\Java\jdk-17.0.2\lib
PATH=C:/Program Files/Java/jdk-17.0.2/bin/server;C:/Program Files/Java/jdk-17.0.2/bin;c:\Program Files (x86)\VMware\VMware Player\bin\;C:\Program Files\Common Files\Oracle\Java\javapath;C:\Program Files (x86)\Intel\Intel(R) Management Engine Components\iCLS\;C:\Program Files\Intel\Intel(R) Management Engine Components\iCLS\;C:\WINDOWS\system32;C:\WINDOWS;C:\WINDOWS\System32\Wbem;C:\WINDOWS\System32\WindowsPowerShell\v1.0\;C:\WINDOWS\System32\OpenSSH\;C:\Program Files (x86)\Intel\Intel(R) Management Engine Components\DAL;C:\Program Files\Intel\Intel(R) Management Engine Components\DAL;C:\Program Files (x86)\IVI Foundation\VISA\WinNT\Bin;C:\Program Files (x86)\QuickTime\QTSystem\;C:\Program Files\Java\jdk-17.0.2\bin;C:\MinGW\bin;C:\Program Files\Git\cmd;C:\Program Files\dotnet\;C:\Program Files\MySQL\MySQL Shell 8.0\bin\;C:\Users\1109m\AppData\Local\Microsoft\WindowsApps;;C:\Users\1109m\AppData\Local\Programs\Microsoft VS Code\bin;C:\Users\1109m\OneDrive\πŸ≈¡ »≠∏È;
USERNAME=1109m
OS=Windows_NT
PROCESSOR_IDENTIFIER=Intel64 Family 6 Model 142 Stepping 11, GenuineIntel



---------------  S Y S T E M  ---------------

OS:
 Windows 11 , 64 bit Build 22000 (10.0.22000.1219)
OS uptime: 12 days 18:46 hours

CPU: total 8 (initial active 8) (4 cores per cpu, 2 threads per core) family 6 model 142 stepping 11 microcode 0xde, cx8, cmov, fxsr, ht, mmx, 3dnowpref, sse, sse2, sse3, ssse3, sse4.1, sse4.2, popcnt, lzcnt, tsc, tscinvbit, avx, avx2, aes, erms, clmul, bmi1, bmi2, adx, fma, vzeroupper, clflush, clflushopt

Memory: 4k page, system-wide physical 16178M (2801M free)
TotalPageFile size 65322M (AvailPageFile size 120M)
current process WorkingSet (physical memory assigned to process): 10M, peak: 10M
current process commit charge ("private bytes"): 60M, peak: 314M

vm_info: Java HotSpot(TM) 64-Bit Server VM (17.0.2+8-LTS-86) for windows-amd64 JRE (17.0.2+8-LTS-86), built on Dec  7 2021 21:51:03 by "mach5one" with MS VC++ 16.8 / 16.9 (VS2019)

END.
